---------------------------------------------------------------
[ 2017-09-28T13:19:55+08:00 ] 127.0.0.1 127.0.0.1 GET /api/v1/updateFirtyCard
[ info ] local.o2o.com/api/v1/updateFirtyCard [运行时间：0.577033s][吞吐率：1.73req/s] [内存消耗：1,951.98kb] [文件加载：37]
[ sql ] [ DB ] CONNECT:[ UseTime:0.088005s ] mysql:dbname=o2o;host=127.0.0.1;port=3306;charset=utf8
[ sql ] [ SQL ] select * from wp_lucky_follow  where follow_id not in (select uid from wp_uid_firtycard) and    `award_id` = '27' [ RunTime:0.175010s ]
---------------------------------------------------------------
[ 2017-09-28T14:09:25+08:00 ] 127.0.0.1 127.0.0.1 GET /api/v1/updateFirtyCard
[ info ] local.o2o.com/api/v1/updateFirtyCard [运行时间：0.532030s][吞吐率：1.88req/s] [内存消耗：1,778.95kb] [文件加载：37]
[ sql ] [ DB ] CONNECT:[ UseTime:0.001000s ] mysql:dbname=o2o;host=127.0.0.1;port=3306;charset=utf8
[ sql ] [ SQL ] select * from wp_lucky_follow  where follow_id not in (select uid from wp_uid_firtycard) and    `award_id` = '27' [ RunTime:0.020001s ]
[ sql ] [ SQL ] select * from wp_firty_cardno where status='0' limit 1; [ RunTime:0.001000s ]
[ sql ] [ SQL ] select * from wp_firty_cardno where status='0' limit 1; [ RunTime:0.001000s ]
[ sql ] [ SQL ] select * from wp_firty_cardno where status='0' limit 1; [ RunTime:0.001000s ]
[ sql ] [ SQL ] select * from wp_firty_cardno where status='0' limit 1; [ RunTime:0.001000s ]
[ sql ] [ SQL ] select * from wp_firty_cardno where status='0' limit 1; [ RunTime:0.001000s ]
[ sql ] [ SQL ] select * from wp_firty_cardno where status='0' limit 1; [ RunTime:0.002000s ]
[ sql ] [ SQL ] select * from wp_firty_cardno where status='0' limit 1; [ RunTime:0.001000s ]
[ sql ] [ SQL ] select * from wp_firty_cardno where status='0' limit 1; [ RunTime:0.002000s ]
[ sql ] [ SQL ] select * from wp_firty_cardno where status='0' limit 1; [ RunTime:0.002000s ]
[ sql ] [ SQL ] select * from wp_firty_cardno where status='0' limit 1; [ RunTime:0.001000s ]
[ sql ] [ SQL ] select * from wp_firty_cardno where status='0' limit 1; [ RunTime:0.001000s ]
[ sql ] [ SQL ] select * from wp_firty_cardno where status='0' limit 1; [ RunTime:0.001000s ]
[ sql ] [ SQL ] select * from wp_firty_cardno where status='0' limit 1; [ RunTime:0.001000s ]
[ sql ] [ SQL ] select * from wp_firty_cardno where status='0' limit 1; [ RunTime:0.001000s ]
[ sql ] [ SQL ] select * from wp_firty_cardno where status='0' limit 1; [ RunTime:0.001000s ]
[ sql ] [ SQL ] select * from wp_firty_cardno where status='0' limit 1; [ RunTime:0.001000s ]
[ sql ] [ SQL ] select * from wp_firty_cardno where status='0' limit 1; [ RunTime:0.001000s ]
[ sql ] [ SQL ] select * from wp_firty_cardno where status='0' limit 1; [ RunTime:0.001000s ]
[ sql ] [ SQL ] select * from wp_firty_cardno where status='0' limit 1; [ RunTime:0.001001s ]
[ sql ] [ SQL ] select * from wp_firty_cardno where status='0' limit 1; [ RunTime:0.001000s ]
[ sql ] [ SQL ] select * from wp_firty_cardno where status='0' limit 1; [ RunTime:0.001000s ]
[ sql ] [ SQL ] select * from wp_firty_cardno where status='0' limit 1; [ RunTime:0.001000s ]
[ sql ] [ SQL ] select * from wp_firty_cardno where status='0' limit 1; [ RunTime:0.002000s ]
[ sql ] [ SQL ] select * from wp_firty_cardno where status='0' limit 1; [ RunTime:0.002000s ]
[ sql ] [ SQL ] select * from wp_firty_cardno where status='0' limit 1; [ RunTime:0.002000s ]
[ sql ] [ SQL ] select * from wp_firty_cardno where status='0' limit 1; [ RunTime:0.002001s ]
[ sql ] [ SQL ] select * from wp_firty_cardno where status='0' limit 1; [ RunTime:0.004000s ]
[ sql ] [ SQL ] select * from wp_firty_cardno where status='0' limit 1; [ RunTime:0.003000s ]
[ sql ] [ SQL ] select * from wp_firty_cardno where status='0' limit 1; [ RunTime:0.002000s ]
[ sql ] [ SQL ] select * from wp_firty_cardno where status='0' limit 1; [ RunTime:0.002000s ]
[ sql ] [ SQL ] select * from wp_firty_cardno where status='0' limit 1; [ RunTime:0.002001s ]
[ sql ] [ SQL ] select * from wp_firty_cardno where status='0' limit 1; [ RunTime:0.002000s ]
[ sql ] [ SQL ] select * from wp_firty_cardno where status='0' limit 1; [ RunTime:0.002000s ]
[ sql ] [ SQL ] select * from wp_firty_cardno where status='0' limit 1; [ RunTime:0.001000s ]
[ sql ] [ SQL ] select * from wp_firty_cardno where status='0' limit 1; [ RunTime:0.001000s ]
[ sql ] [ SQL ] select * from wp_firty_cardno where status='0' limit 1; [ RunTime:0.002000s ]
[ sql ] [ SQL ] select * from wp_firty_cardno where status='0' limit 1; [ RunTime:0.001000s ]
[ sql ] [ SQL ] select * from wp_firty_cardno where status='0' limit 1; [ RunTime:0.001000s ]
[ sql ] [ SQL ] select * from wp_firty_cardno where status='0' limit 1; [ RunTime:0.002000s ]
[ sql ] [ SQL ] select * from wp_firty_cardno where status='0' limit 1; [ RunTime:0.002000s ]
[ sql ] [ SQL ] select * from wp_firty_cardno where status='0' limit 1; [ RunTime:0.001000s ]
[ sql ] [ SQL ] select * from wp_firty_cardno where status='0' limit 1; [ RunTime:0.001000s ]
[ sql ] [ SQL ] select * from wp_firty_cardno where status='0' limit 1; [ RunTime:0.001000s ]
[ sql ] [ SQL ] select * from wp_firty_cardno where status='0' limit 1; [ RunTime:0.002000s ]
[ sql ] [ SQL ] select * from wp_firty_cardno where status='0' limit 1; [ RunTime:0.003001s ]
[ sql ] [ SQL ] select * from wp_firty_cardno where status='0' limit 1; [ RunTime:0.001000s ]
[ sql ] [ SQL ] select * from wp_firty_cardno where status='0' limit 1; [ RunTime:0.001000s ]
[ sql ] [ SQL ] select * from wp_firty_cardno where status='0' limit 1; [ RunTime:0.002000s ]
[ sql ] [ SQL ] select * from wp_firty_cardno where status='0' limit 1; [ RunTime:0.002000s ]
[ sql ] [ SQL ] select * from wp_firty_cardno where status='0' limit 1; [ RunTime:0.003000s ]
[ sql ] [ SQL ] select * from wp_firty_cardno where status='0' limit 1; [ RunTime:0.002000s ]
[ sql ] [ SQL ] select * from wp_firty_cardno where status='0' limit 1; [ RunTime:0.002000s ]
[ sql ] [ SQL ] select * from wp_firty_cardno where status='0' limit 1; [ RunTime:0.003000s ]
[ sql ] [ SQL ] select * from wp_firty_cardno where status='0' limit 1; [ RunTime:0.001000s ]
[ sql ] [ SQL ] select * from wp_firty_cardno where status='0' limit 1; [ RunTime:0.002001s ]
[ sql ] [ SQL ] select * from wp_firty_cardno where status='0' limit 1; [ RunTime:0.001000s ]
[ sql ] [ SQL ] select * from wp_firty_cardno where status='0' limit 1; [ RunTime:0.002000s ]
[ sql ] [ SQL ] select * from wp_firty_cardno where status='0' limit 1; [ RunTime:0.002000s ]
[ sql ] [ SQL ] select * from wp_firty_cardno where status='0' limit 1; [ RunTime:0.002000s ]
[ sql ] [ SQL ] select * from wp_firty_cardno where status='0' limit 1; [ RunTime:0.001000s ]
[ sql ] [ SQL ] select * from wp_firty_cardno where status='0' limit 1; [ RunTime:0.002000s ]
[ sql ] [ SQL ] select * from wp_firty_cardno where status='0' limit 1; [ RunTime:0.002001s ]
[ sql ] [ SQL ] select * from wp_firty_cardno where status='0' limit 1; [ RunTime:0.002000s ]
[ sql ] [ SQL ] select * from wp_firty_cardno where status='0' limit 1; [ RunTime:0.002000s ]
[ sql ] [ SQL ] select * from wp_firty_cardno where status='0' limit 1; [ RunTime:0.001000s ]
[ sql ] [ SQL ] select * from wp_firty_cardno where status='0' limit 1; [ RunTime:0.002000s ]
[ sql ] [ SQL ] select * from wp_firty_cardno where status='0' limit 1; [ RunTime:0.002000s ]
[ sql ] [ SQL ] select * from wp_firty_cardno where status='0' limit 1; [ RunTime:0.002000s ]
[ sql ] [ SQL ] select * from wp_firty_cardno where status='0' limit 1; [ RunTime:0.001001s ]
[ sql ] [ SQL ] select * from wp_firty_cardno where status='0' limit 1; [ RunTime:0.002000s ]
[ sql ] [ SQL ] select * from wp_firty_cardno where status='0' limit 1; [ RunTime:0.004000s ]
[ sql ] [ SQL ] select * from wp_firty_cardno where status='0' limit 1; [ RunTime:0.002000s ]
[ sql ] [ SQL ] select * from wp_firty_cardno where status='0' limit 1; [ RunTime:0.002000s ]
[ sql ] [ SQL ] select * from wp_firty_cardno where status='0' limit 1; [ RunTime:0.002000s ]
[ sql ] [ SQL ] select * from wp_firty_cardno where status='0' limit 1; [ RunTime:0.002001s ]
[ sql ] [ SQL ] select * from wp_firty_cardno where status='0' limit 1; [ RunTime:0.001000s ]
[ sql ] [ SQL ] select * from wp_firty_cardno where status='0' limit 1; [ RunTime:0.002000s ]
[ sql ] [ SQL ] select * from wp_firty_cardno where status='0' limit 1; [ RunTime:0.002000s ]
[ sql ] [ SQL ] select * from wp_firty_cardno where status='0' limit 1; [ RunTime:0.002000s ]
[ sql ] [ SQL ] select * from wp_firty_cardno where status='0' limit 1; [ RunTime:0.002000s ]
[ sql ] [ SQL ] select * from wp_firty_cardno where status='0' limit 1; [ RunTime:0.002000s ]
[ sql ] [ SQL ] select * from wp_firty_cardno where status='0' limit 1; [ RunTime:0.002001s ]
[ sql ] [ SQL ] select * from wp_firty_cardno where status='0' limit 1; [ RunTime:0.003000s ]
[ sql ] [ SQL ] select * from wp_firty_cardno where status='0' limit 1; [ RunTime:0.002000s ]
[ sql ] [ SQL ] select * from wp_firty_cardno where status='0' limit 1; [ RunTime:0.002000s ]
[ sql ] [ SQL ] select * from wp_firty_cardno where status='0' limit 1; [ RunTime:0.001000s ]
[ sql ] [ SQL ] select * from wp_firty_cardno where status='0' limit 1; [ RunTime:0.002000s ]
[ sql ] [ SQL ] select * from wp_firty_cardno where status='0' limit 1; [ RunTime:0.002000s ]
[ sql ] [ SQL ] select * from wp_firty_cardno where status='0' limit 1; [ RunTime:0.002000s ]
[ sql ] [ SQL ] select * from wp_firty_cardno where status='0' limit 1; [ RunTime:0.001000s ]
[ sql ] [ SQL ] select * from wp_firty_cardno where status='0' limit 1; [ RunTime:0.001000s ]
[ sql ] [ SQL ] select * from wp_firty_cardno where status='0' limit 1; [ RunTime:0.002000s ]
[ sql ] [ SQL ] select * from wp_firty_cardno where status='0' limit 1; [ RunTime:0.001000s ]
[ sql ] [ SQL ] select * from wp_firty_cardno where status='0' limit 1; [ RunTime:0.002000s ]
[ sql ] [ SQL ] select * from wp_firty_cardno where status='0' limit 1; [ RunTime:0.001000s ]
---------------------------------------------------------------
[ 2017-09-28T14:37:41+08:00 ] 127.0.0.1 127.0.0.1 GET /api/v1/updateFirtyCard
[ info ] local.o2o.com/api/v1/updateFirtyCard [运行时间：0.552031s][吞吐率：1.81req/s] [内存消耗：1,818.38kb] [文件加载：37]
[ sql ] [ DB ] CONNECT:[ UseTime:0.002000s ] mysql:dbname=o2o;host=127.0.0.1;port=3306;charset=utf8
[ sql ] [ SQL ] select * from wp_lucky_follow  where follow_id not in (select uid from wp_uid_firtycard) and    `award_id` = '27' [ RunTime:0.066004s ]
[ sql ] [ SQL ] select * from wp_firty_cardno where status='0' limit 1; [ RunTime:0.002000s ]
[ sql ] [ SQL ] select * from wp_firty_cardno where status='0' limit 1; [ RunTime:0.002000s ]
[ sql ] [ SQL ] select * from wp_firty_cardno where status='0' limit 1; [ RunTime:0.001000s ]
[ sql ] [ SQL ] select * from wp_firty_cardno where status='0' limit 1; [ RunTime:0.001000s ]
[ sql ] [ SQL ] select * from wp_firty_cardno where status='0' limit 1; [ RunTime:0.001000s ]
[ sql ] [ SQL ] select * from wp_firty_cardno where status='0' limit 1; [ RunTime:0.002001s ]
[ sql ] [ SQL ] select * from wp_firty_cardno where status='0' limit 1; [ RunTime:0.002000s ]
[ sql ] [ SQL ] select * from wp_firty_cardno where status='0' limit 1; [ RunTime:0.002000s ]
[ sql ] [ SQL ] select * from wp_firty_cardno where status='0' limit 1; [ RunTime:0.001000s ]
[ sql ] [ SQL ] select * from wp_firty_cardno where status='0' limit 1; [ RunTime:0.002000s ]
[ sql ] [ SQL ] select * from wp_firty_cardno where status='0' limit 1; [ RunTime:0.001000s ]
[ sql ] [ SQL ] select * from wp_firty_cardno where status='0' limit 1; [ RunTime:0.001000s ]
[ sql ] [ SQL ] select * from wp_firty_cardno where status='0' limit 1; [ RunTime:0.002000s ]
[ sql ] [ SQL ] select * from wp_firty_cardno where status='0' limit 1; [ RunTime:0.002001s ]
[ sql ] [ SQL ] select * from wp_firty_cardno where status='0' limit 1; [ RunTime:0.001000s ]
[ sql ] [ SQL ] select * from wp_firty_cardno where status='0' limit 1; [ RunTime:0.002000s ]
[ sql ] [ SQL ] select * from wp_firty_cardno where status='0' limit 1; [ RunTime:0.002000s ]
[ sql ] [ SQL ] select * from wp_firty_cardno where status='0' limit 1; [ RunTime:0.001000s ]
[ sql ] [ SQL ] select * from wp_firty_cardno where status='0' limit 1; [ RunTime:0.002000s ]
[ sql ] [ SQL ] select * from wp_firty_cardno where status='0' limit 1; [ RunTime:0.001000s ]
[ sql ] [ SQL ] select * from wp_firty_cardno where status='0' limit 1; [ RunTime:0.001001s ]
[ sql ] [ SQL ] select * from wp_firty_cardno where status='0' limit 1; [ RunTime:0.001000s ]
[ sql ] [ SQL ] select * from wp_firty_cardno where status='0' limit 1; [ RunTime:0.002000s ]
[ sql ] [ SQL ] select * from wp_firty_cardno where status='0' limit 1; [ RunTime:0.002000s ]
[ sql ] [ SQL ] select * from wp_firty_cardno where status='0' limit 1; [ RunTime:0.001000s ]
[ sql ] [ SQL ] select * from wp_firty_cardno where status='0' limit 1; [ RunTime:0.001000s ]
[ sql ] [ SQL ] select * from wp_firty_cardno where status='0' limit 1; [ RunTime:0.002000s ]
[ sql ] [ SQL ] select * from wp_firty_cardno where status='0' limit 1; [ RunTime:0.002000s ]
[ sql ] [ SQL ] select * from wp_firty_cardno where status='0' limit 1; [ RunTime:0.001000s ]
[ sql ] [ SQL ] select * from wp_firty_cardno where status='0' limit 1; [ RunTime:0.002000s ]
[ sql ] [ SQL ] select * from wp_firty_cardno where status='0' limit 1; [ RunTime:0.002000s ]
[ sql ] [ SQL ] select * from wp_firty_cardno where status='0' limit 1; [ RunTime:0.001000s ]
[ sql ] [ SQL ] select * from wp_firty_cardno where status='0' limit 1; [ RunTime:0.002000s ]
[ sql ] [ SQL ] select * from wp_firty_cardno where status='0' limit 1; [ RunTime:0.002000s ]
[ sql ] [ SQL ] select * from wp_firty_cardno where status='0' limit 1; [ RunTime:0.002001s ]
[ sql ] [ SQL ] select * from wp_firty_cardno where status='0' limit 1; [ RunTime:0.002000s ]
[ sql ] [ SQL ] select * from wp_firty_cardno where status='0' limit 1; [ RunTime:0.001000s ]
[ sql ] [ SQL ] select * from wp_firty_cardno where status='0' limit 1; [ RunTime:0.002000s ]
[ sql ] [ SQL ] select * from wp_firty_cardno where status='0' limit 1; [ RunTime:0.001000s ]
[ sql ] [ SQL ] select * from wp_firty_cardno where status='0' limit 1; [ RunTime:0.002000s ]
[ sql ] [ SQL ] select * from wp_firty_cardno where status='0' limit 1; [ RunTime:0.002000s ]
[ sql ] [ SQL ] select * from wp_firty_cardno where status='0' limit 1; [ RunTime:0.002000s ]
[ sql ] [ SQL ] select * from wp_firty_cardno where status='0' limit 1; [ RunTime:0.001000s ]
[ sql ] [ SQL ] select * from wp_firty_cardno where status='0' limit 1; [ RunTime:0.002000s ]
[ sql ] [ SQL ] select * from wp_firty_cardno where status='0' limit 1; [ RunTime:0.001000s ]
[ sql ] [ SQL ] select * from wp_firty_cardno where status='0' limit 1; [ RunTime:0.002000s ]
[ sql ] [ SQL ] select * from wp_firty_cardno where status='0' limit 1; [ RunTime:0.002000s ]
[ sql ] [ SQL ] select * from wp_firty_cardno where status='0' limit 1; [ RunTime:0.002001s ]
[ sql ] [ SQL ] select * from wp_firty_cardno where status='0' limit 1; [ RunTime:0.002000s ]
[ sql ] [ SQL ] select * from wp_firty_cardno where status='0' limit 1; [ RunTime:0.002000s ]
[ sql ] [ SQL ] select * from wp_firty_cardno where status='0' limit 1; [ RunTime:0.002000s ]
[ sql ] [ SQL ] select * from wp_firty_cardno where status='0' limit 1; [ RunTime:0.002000s ]
[ sql ] [ SQL ] select * from wp_firty_cardno where status='0' limit 1; [ RunTime:0.003000s ]
[ sql ] [ SQL ] select * from wp_firty_cardno where status='0' limit 1; [ RunTime:0.002001s ]
[ sql ] [ SQL ] select * from wp_firty_cardno where status='0' limit 1; [ RunTime:0.002000s ]
[ sql ] [ SQL ] select * from wp_firty_cardno where status='0' limit 1; [ RunTime:0.001000s ]
[ sql ] [ SQL ] select * from wp_firty_cardno where status='0' limit 1; [ RunTime:0.001000s ]
[ sql ] [ SQL ] select * from wp_firty_cardno where status='0' limit 1; [ RunTime:0.001000s ]
[ sql ] [ SQL ] select * from wp_firty_cardno where status='0' limit 1; [ RunTime:0.001000s ]
[ sql ] [ SQL ] select * from wp_firty_cardno where status='0' limit 1; [ RunTime:0.001000s ]
[ sql ] [ SQL ] select * from wp_firty_cardno where status='0' limit 1; [ RunTime:0.001001s ]
[ sql ] [ SQL ] select * from wp_firty_cardno where status='0' limit 1; [ RunTime:0.001000s ]
[ sql ] [ SQL ] select * from wp_firty_cardno where status='0' limit 1; [ RunTime:0.001000s ]
[ sql ] [ SQL ] select * from wp_firty_cardno where status='0' limit 1; [ RunTime:0.001000s ]
[ sql ] [ SQL ] select * from wp_firty_cardno where status='0' limit 1; [ RunTime:0.001000s ]
[ sql ] [ SQL ] select * from wp_firty_cardno where status='0' limit 1; [ RunTime:0.001000s ]
[ sql ] [ SQL ] select * from wp_firty_cardno where status='0' limit 1; [ RunTime:0.001000s ]
[ sql ] [ SQL ] select * from wp_firty_cardno where status='0' limit 1; [ RunTime:0.001000s ]
[ sql ] [ SQL ] select * from wp_firty_cardno where status='0' limit 1; [ RunTime:0.001000s ]
[ sql ] [ SQL ] select * from wp_firty_cardno where status='0' limit 1; [ RunTime:0.001001s ]
[ sql ] [ SQL ] select * from wp_firty_cardno where status='0' limit 1; [ RunTime:0.001000s ]
[ sql ] [ SQL ] select * from wp_firty_cardno where status='0' limit 1; [ RunTime:0.001000s ]
[ sql ] [ SQL ] select * from wp_firty_cardno where status='0' limit 1; [ RunTime:0.002000s ]
[ sql ] [ SQL ] select * from wp_firty_cardno where status='0' limit 1; [ RunTime:0.001000s ]
[ sql ] [ SQL ] select * from wp_firty_cardno where status='0' limit 1; [ RunTime:0.001000s ]
[ sql ] [ SQL ] select * from wp_firty_cardno where status='0' limit 1; [ RunTime:0.001000s ]
[ sql ] [ SQL ] select * from wp_firty_cardno where status='0' limit 1; [ RunTime:0.001000s ]
[ sql ] [ SQL ] select * from wp_firty_cardno where status='0' limit 1; [ RunTime:0.001000s ]
[ sql ] [ SQL ] select * from wp_firty_cardno where status='0' limit 1; [ RunTime:0.001000s ]
[ sql ] [ SQL ] select * from wp_firty_cardno where status='0' limit 1; [ RunTime:0.001000s ]
[ sql ] [ SQL ] select * from wp_firty_cardno where status='0' limit 1; [ RunTime:0.002000s ]
[ sql ] [ SQL ] select * from wp_firty_cardno where status='0' limit 1; [ RunTime:0.001000s ]
[ sql ] [ SQL ] select * from wp_firty_cardno where status='0' limit 1; [ RunTime:0.001000s ]
[ sql ] [ SQL ] select * from wp_firty_cardno where status='0' limit 1; [ RunTime:0.001000s ]
[ sql ] [ SQL ] select * from wp_firty_cardno where status='0' limit 1; [ RunTime:0.001000s ]
[ sql ] [ SQL ] select * from wp_firty_cardno where status='0' limit 1; [ RunTime:0.001000s ]
[ sql ] [ SQL ] select * from wp_firty_cardno where status='0' limit 1; [ RunTime:0.002001s ]
[ sql ] [ SQL ] select * from wp_firty_cardno where status='0' limit 1; [ RunTime:0.002000s ]
[ sql ] [ SQL ] select * from wp_firty_cardno where status='0' limit 1; [ RunTime:0.001000s ]
[ sql ] [ SQL ] select * from wp_firty_cardno where status='0' limit 1; [ RunTime:0.001000s ]
[ sql ] [ SQL ] select * from wp_firty_cardno where status='0' limit 1; [ RunTime:0.002000s ]
[ sql ] [ SQL ] select * from wp_firty_cardno where status='0' limit 1; [ RunTime:0.002000s ]
---------------------------------------------------------------
[ 2017-09-28T16:21:03+08:00 ] 127.0.0.1 127.0.0.1 GET /api/v1/updateFirtyCard
[ info ] local.o2o.com/api/v1/updateFirtyCard [运行时间：0.311017s][吞吐率：3.22req/s] [内存消耗：1,716.80kb] [文件加载：37]
[ sql ] [ DB ] CONNECT:[ UseTime:0.010001s ] mysql:dbname=o2o;host=127.0.0.1;port=3306;charset=utf8
[ sql ] [ SQL ] select * from wp_lucky_follow  where follow_id not in (select uid from wp_uid_firtycard) and    `award_id` = '27' [ RunTime:0.033002s ]
---------------------------------------------------------------
[ 2017-09-28T16:32:19+08:00 ] 127.0.0.1 127.0.0.1 GET /api/v1/updateFirtyCard
[ info ] local.o2o.com/api/v1/updateFirtyCard [运行时间：0.300017s][吞吐率：3.33req/s] [内存消耗：1,718.65kb] [文件加载：37]
[ sql ] [ DB ] CONNECT:[ UseTime:0.001000s ] mysql:dbname=o2o;host=127.0.0.1;port=3306;charset=utf8
[ sql ] [ SQL ] select * from wp_lucky_follow  where follow_id not in (select uid from wp_uid_firtycard) and    `award_id` = '27' [ RunTime:0.017001s ]
---------------------------------------------------------------
[ 2017-09-28T16:34:36+08:00 ] 127.0.0.1 127.0.0.1 GET /api/v1/updateEnghtStatus
[ info ] local.o2o.com/api/v1/updateEnghtStatus [运行时间：0.368021s][吞吐率：2.72req/s] [内存消耗：1,905.46kb] [文件加载：37]
[ sql ] [ DB ] CONNECT:[ UseTime:0.010000s ] mysql:dbname=o2o;host=127.0.0.1;port=3306;charset=utf8
[ sql ] [ SQL ] select * from wp_lucky_follow  where follow_id not in (select uid from wp_winning_records) and  `award_id` = '29' [ RunTime:0.057003s ]
---------------------------------------------------------------
[ 2017-09-28T16:48:24+08:00 ] 127.0.0.1 127.0.0.1 GET /api/v1/updateEnghtStatus
[ info ] local.o2o.com/api/v1/updateEnghtStatus [运行时间：0.329018s][吞吐率：3.04req/s] [内存消耗：1,794.05kb] [文件加载：37]
[ sql ] [ DB ] CONNECT:[ UseTime:0.002000s ] mysql:dbname=o2o;host=127.0.0.1;port=3306;charset=utf8
[ sql ] [ SQL ] select * from wp_lucky_follow  where follow_id not in (select uid from wp_winning_records) and  `award_id` = '30' [ RunTime:0.065004s ]
